{
  "Cucumber Features": {
    "coverage": {
      "/Users/dario/code/kickmeup/app/helpers/application_helper.rb": [
        1,
        null
      ],
      "/Users/dario/code/kickmeup/app/models/user.rb": [
        1,
        1,
        1,
        null,
        1,
        1,
        null,
        1,
        1,
        1,
        null,
        1,
        0,
        null,
        null,
        1,
        0,
        0,
        0,
        0,
        0,
        0,
        0,
        0,
        null,
        null,
        null,
        1,
        0,
        null,
        null,
        1,
        0,
        null,
        null,
        null
      ],
      "/Users/dario/code/kickmeup/app/controllers/users_controller.rb": [
        1,
        1,
        null,
        1,
        0,
        null,
        null
      ],
      "/Users/dario/code/kickmeup/app/controllers/application_controller.rb": [
        1,
        null,
        null,
        1,
        null,
        1,
        2,
        null,
        1,
        null,
        1,
        1,
        null,
        null
      ],
      "/Users/dario/code/kickmeup/app/controllers/ideas_controller.rb": [
        1,
        1,
        1,
        null,
        1,
        1,
        null,
        null,
        1,
        0,
        null,
        null,
        1,
        0,
        null,
        null,
        1,
        null,
        null,
        1,
        0,
        null,
        0,
        0,
        null,
        0,
        null,
        null,
        null,
        1,
        0,
        0,
        null,
        0,
        null,
        null,
        null,
        1,
        0,
        0,
        null,
        null,
        1,
        0,
        null,
        0,
        0,
        0,
        null,
        null,
        0,
        0,
        null,
        0,
        null,
        null,
        null,
        1,
        1,
        0,
        null,
        1,
        null,
        1,
        0,
        null,
        null,
        1,
        0,
        null,
        null,
        1,
        0,
        null,
        1,
        null
      ],
      "/Users/dario/code/kickmeup/app/models/idea.rb": [
        1,
        1,
        1,
        null,
        1,
        1,
        1,
        null,
        1,
        null,
        1,
        0,
        null,
        null,
        1,
        0,
        0,
        null,
        null,
        1,
        0,
        null,
        null,
        1,
        0,
        null,
        null,
        1,
        0,
        null,
        null,
        null
      ]
    },
    "timestamp": 1371217274
  },
  "RSpec": {
    "coverage": {
      "/Users/dario/code/kickmeup/app/helpers/application_helper.rb": [
        1,
        null
      ],
      "/Users/dario/code/kickmeup/app/models/idea.rb": [
        1,
        1,
        1,
        null,
        1,
        1,
        1,
        null,
        1,
        null,
        1,
        11,
        null,
        null,
        1,
        10,
        10,
        null,
        null,
        1,
        10,
        null,
        null,
        1,
        14,
        null,
        null,
        1,
        8,
        null,
        null,
        null
      ],
      "/Users/dario/code/kickmeup/app/models/user.rb": [
        1,
        1,
        1,
        null,
        1,
        1,
        null,
        1,
        1,
        1,
        null,
        1,
        2,
        null,
        null,
        1,
        12,
        12,
        12,
        12,
        12,
        12,
        12,
        12,
        null,
        null,
        null,
        1,
        7,
        null,
        null,
        1,
        1,
        null,
        null,
        null
      ],
      "/Users/dario/code/kickmeup/app/models/idea_kickup.rb": [
        1,
        1,
        1,
        1,
        null,
        1,
        8,
        null,
        null,
        1,
        1,
        null,
        null
      ],
      "/Users/dario/code/kickmeup/app/controllers/ideas_controller.rb": [
        1,
        1,
        1,
        null,
        1,
        41,
        null,
        null,
        1,
        11,
        null,
        null,
        1,
        2,
        null,
        null,
        1,
        null,
        null,
        1,
        2,
        null,
        2,
        1,
        null,
        1,
        null,
        null,
        null,
        1,
        2,
        1,
        null,
        1,
        null,
        null,
        null,
        1,
        1,
        1,
        null,
        null,
        1,
        3,
        null,
        3,
        1,
        1,
        null,
        null,
        2,
        2,
        null,
        0,
        null,
        null,
        null,
        1,
        1,
        72,
        null,
        1,
        null,
        1,
        3,
        null,
        null,
        1,
        4,
        null,
        null,
        1,
        24,
        null,
        1,
        null
      ],
      "/Users/dario/code/kickmeup/app/controllers/application_controller.rb": [
        1,
        null,
        null,
        1,
        null,
        1,
        182,
        null,
        1,
        null,
        1,
        15,
        null,
        null
      ],
      "/Users/dario/code/kickmeup/app/controllers/sessions_controller.rb": [
        1,
        1,
        12,
        12,
        11,
        11,
        null,
        1,
        null,
        null,
        null,
        1,
        1,
        1,
        null,
        null
      ],
      "/Users/dario/code/kickmeup/app/controllers/users_controller.rb": [
        1,
        1,
        null,
        1,
        1,
        null,
        null
      ]
    },
    "timestamp": 1371217613
  }
}
