{
  "Cucumber Features": {
    "coverage": {
      "/Users/dario/code/kickmeup/app/helpers/application_helper.rb": [
        1,
        null
      ],
      "/Users/dario/code/kickmeup/app/models/idea.rb": [
        1,
        1,
        1,
        null,
        1,
        1,
        null,
        1,
        1,
        1,
        null,
        1,
        null,
        1,
        1,
        null,
        null,
        1,
        1,
        1,
        null,
        null,
        1,
        1,
        null,
        null,
        1,
        3,
        null,
        null,
        1,
        1,
        null,
        null,
        null
      ],
      "/Users/dario/code/kickmeup/app/models/user.rb": [
        1,
        1,
        1,
        null,
        1,
        1,
        null,
        1,
        1,
        1,
        null,
        1,
        15,
        null,
        null,
        1,
        3,
        3,
        3,
        3,
        3,
        3,
        3,
        3,
        3,
        null,
        null,
        null,
        1,
        2,
        null,
        null,
        1,
        1,
        null,
        null,
        null
      ],
      "/Users/dario/code/kickmeup/app/controllers/ideas_controller.rb": [
        1,
        1,
        1,
        null,
        1,
        9,
        null,
        null,
        1,
        1,
        null,
        null,
        1,
        0,
        null,
        null,
        1,
        null,
        null,
        1,
        0,
        null,
        0,
        0,
        null,
        0,
        null,
        null,
        null,
        1,
        0,
        0,
        null,
        0,
        null,
        null,
        null,
        1,
        0,
        0,
        null,
        null,
        1,
        1,
        null,
        1,
        0,
        0,
        null,
        null,
        1,
        0,
        0,
        null,
        null,
        1,
        1,
        1,
        null,
        0,
        null,
        null,
        null,
        1,
        0,
        0,
        null,
        null,
        1,
        1,
        9,
        9,
        0,
        0,
        null,
        null,
        1,
        null,
        1,
        1,
        null,
        null,
        1,
        0,
        null,
        null
      ],
      "/Users/dario/code/kickmeup/app/controllers/application_controller.rb": [
        1,
        null,
        null,
        1,
        null,
        1,
        71,
        null,
        1,
        null,
        1,
        5,
        null,
        null,
        1,
        5,
        null,
        1,
        null
      ],
      "/Users/dario/code/kickmeup/app/controllers/sessions_controller.rb": [
        1,
        1,
        3,
        3,
        3,
        3,
        null,
        0,
        null,
        null,
        null,
        1,
        0,
        0,
        null,
        null
      ],
      "/Users/dario/code/kickmeup/app/models/idea_kickup.rb": [
        1,
        1,
        1,
        1,
        1,
        null,
        null,
        1,
        0,
        null,
        null,
        1,
        1,
        null,
        null
      ],
      "/Users/dario/code/kickmeup/app/services/facebook.rb": [
        1,
        null,
        1,
        5,
        5,
        null,
        null,
        1,
        3,
        null,
        null,
        null,
        null,
        null,
        3,
        null,
        null,
        1,
        2,
        null,
        null,
        1,
        1,
        1,
        null,
        null,
        1,
        1,
        1,
        null,
        null,
        null
      ],
      "/Users/dario/code/kickmeup/app/controllers/users_controller.rb": [
        1,
        1,
        1,
        null,
        1,
        null,
        null,
        1,
        3,
        null,
        null,
        1,
        1,
        1,
        null,
        null,
        1,
        1,
        6,
        6,
        1,
        1,
        null,
        null,
        null,
        null
      ],
      "/Users/dario/code/kickmeup/app/mailers/facebook_mailer.rb": [
        1,
        1,
        null,
        1,
        1,
        null,
        1,
        null,
        null
      ]
    },
    "timestamp": 1371670989
  },
  "RSpec": {
    "coverage": {
      "/Users/dario/code/kickmeup/app/helpers/application_helper.rb": [
        1,
        null
      ],
      "/Users/dario/code/kickmeup/app/models/idea.rb": [
        1,
        1,
        1,
        null,
        1,
        1,
        null,
        1,
        1,
        1,
        null,
        1,
        null,
        1,
        19,
        null,
        null,
        1,
        11,
        11,
        null,
        null,
        1,
        11,
        null,
        null,
        1,
        22,
        null,
        null,
        1,
        9,
        null,
        null,
        null
      ],
      "/Users/dario/code/kickmeup/app/models/user.rb": [
        1,
        1,
        1,
        null,
        1,
        1,
        null,
        1,
        1,
        1,
        null,
        1,
        114,
        null,
        null,
        1,
        18,
        18,
        18,
        18,
        18,
        18,
        18,
        18,
        18,
        null,
        null,
        null,
        1,
        21,
        null,
        null,
        1,
        3,
        null,
        null,
        null
      ],
      "/Users/dario/code/kickmeup/app/services/facebook.rb": [
        1,
        null,
        1,
        10,
        10,
        null,
        null,
        1,
        4,
        null,
        null,
        null,
        null,
        null,
        4,
        null,
        null,
        1,
        8,
        null,
        null,
        1,
        1,
        1,
        null,
        null,
        1,
        3,
        3,
        null,
        null,
        null
      ],
      "/Users/dario/code/kickmeup/app/controllers/ideas_controller.rb": [
        1,
        1,
        1,
        null,
        1,
        55,
        null,
        null,
        1,
        19,
        null,
        null,
        1,
        2,
        null,
        null,
        1,
        null,
        null,
        1,
        2,
        null,
        2,
        1,
        null,
        1,
        null,
        null,
        null,
        1,
        2,
        1,
        null,
        1,
        null,
        null,
        null,
        1,
        1,
        1,
        null,
        null,
        1,
        5,
        null,
        5,
        1,
        1,
        null,
        null,
        4,
        1,
        1,
        null,
        null,
        3,
        3,
        3,
        null,
        0,
        null,
        null,
        null,
        1,
        1,
        1,
        null,
        null,
        1,
        1,
        111,
        111,
        1,
        1,
        null,
        null,
        1,
        null,
        1,
        5,
        null,
        null,
        1,
        4,
        null,
        null
      ],
      "/Users/dario/code/kickmeup/app/controllers/application_controller.rb": [
        1,
        null,
        null,
        1,
        null,
        1,
        392,
        null,
        1,
        null,
        1,
        20,
        null,
        null,
        1,
        7,
        null,
        1,
        null
      ],
      "/Users/dario/code/kickmeup/app/controllers/sessions_controller.rb": [
        1,
        1,
        18,
        18,
        17,
        17,
        null,
        1,
        null,
        null,
        null,
        1,
        1,
        1,
        null,
        null
      ],
      "/Users/dario/code/kickmeup/app/models/idea_kickup.rb": [
        1,
        1,
        1,
        1,
        9,
        null,
        null,
        1,
        1,
        null,
        null,
        1,
        10,
        null,
        null
      ],
      "/Users/dario/code/kickmeup/app/controllers/users_controller.rb": [
        1,
        1,
        1,
        null,
        1,
        null,
        null,
        1,
        3,
        null,
        null,
        1,
        1,
        1,
        null,
        null,
        1,
        1,
        8,
        8,
        1,
        1,
        null,
        null,
        null,
        null
      ],
      "/Users/dario/code/kickmeup/app/mailers/facebook_mailer.rb": [
        1,
        1,
        null,
        1,
        1,
        null,
        1,
        null,
        null
      ]
    },
    "timestamp": 1371671111
  }
}
